2025-06-03 10:36:36,843 - utils.logging_config - INFO - Logging initialized - Level: INFO, File: data_fetcher.log
2025-06-03 10:36:36,844 - utils.logging_config - INFO - Logging initialized - Level: INFO, File: data_fetcher.log
2025-06-03 10:36:36,844 - services.data_service - INFO - DataService initialized:
2025-06-03 10:36:36,845 - services.data_service - INFO -   - Data source: yfinance
2025-06-03 10:36:36,845 - services.data_service - INFO -   - Symbol set: development (5 symbols)
2025-06-03 10:36:36,845 - services.data_service - INFO -   - Storage: file
2025-06-03 10:36:36,845 - __main__ - INFO - Service initialized successfully
2025-06-03 10:36:37,451 - services.data_service - INFO - DataService cleanup completed
2025-06-03 10:36:42,680 - utils.logging_config - INFO - Logging initialized - Level: INFO, File: data_fetcher.log
2025-06-03 10:36:42,681 - utils.logging_config - INFO - Logging initialized - Level: INFO, File: data_fetcher.log
2025-06-03 10:36:42,681 - services.data_service - INFO - DataService initialized:
2025-06-03 10:36:42,681 - services.data_service - INFO -   - Data source: yfinance
2025-06-03 10:36:42,681 - services.data_service - INFO -   - Symbol set: development (5 symbols)
2025-06-03 10:36:42,681 - services.data_service - INFO -   - Storage: file
2025-06-03 10:36:42,681 - __main__ - INFO - Service initialized successfully
2025-06-03 10:36:42,681 - __main__ - INFO - Fetching 1d data...
2025-06-03 10:36:42,681 - services.data_service - INFO - Fetching 1d data for 1 symbols
2025-06-03 10:36:42,682 - data_sources.yfinance_source - INFO - Fetching data for 1 symbols
2025-06-03 10:36:42,682 - data_sources.yfinance_source - INFO - Fetching RELIANCE.NS (1/1)
2025-06-03 10:36:43,476 - data_sources.yfinance_source - INFO - Fetched 249 records for RELIANCE.NS
2025-06-03 10:36:43,477 - data_sources.yfinance_source - INFO - Combined data: 249 total records
2025-06-03 10:36:43,489 - storage.file_storage - INFO - Saved 249 records to /home/dnfy/Desktop/Screener/data/market_data_1d.csv
2025-06-03 10:36:43,497 - services.data_service - INFO - Saved 249 records for 1d
2025-06-03 10:36:43,505 - services.data_service - INFO - DataService cleanup completed
2025-06-03 10:36:49,734 - utils.logging_config - INFO - Logging initialized - Level: INFO, File: data_fetcher.log
2025-06-03 10:36:49,734 - utils.logging_config - INFO - Logging initialized - Level: INFO, File: data_fetcher.log
2025-06-03 10:36:49,735 - services.data_service - INFO - DataService initialized:
2025-06-03 10:36:49,735 - services.data_service - INFO -   - Data source: yfinance
2025-06-03 10:36:49,735 - services.data_service - INFO -   - Symbol set: development (5 symbols)
2025-06-03 10:36:49,735 - services.data_service - INFO -   - Storage: file
2025-06-03 10:36:49,735 - __main__ - INFO - Service initialized successfully
2025-06-03 10:36:49,735 - storage.file_storage - WARNING - File not found: /home/dnfy/Desktop/Screener/data/market_data_15m.csv
2025-06-03 10:36:49,738 - storage.file_storage - WARNING - File not found: /home/dnfy/Desktop/Screener/data/market_data_1h.csv
2025-06-03 10:36:49,751 - storage.file_storage - INFO - Loaded 249 records from /home/dnfy/Desktop/Screener/data/market_data_1d.csv
2025-06-03 10:36:49,751 - services.data_service - INFO - Loaded 249 records for 1d
2025-06-03 10:36:49,761 - storage.file_storage - INFO - Loaded 249 records from /home/dnfy/Desktop/Screener/data/market_data_1d.csv
2025-06-03 10:36:49,761 - storage.file_storage - WARNING - File not found: /home/dnfy/Desktop/Screener/data/market_data_1wk.csv
2025-06-03 10:36:49,763 - services.data_service - INFO - DataService cleanup completed
2025-06-03 10:36:56,105 - utils.logging_config - INFO - Logging initialized - Level: INFO, File: data_fetcher.log
2025-06-03 10:36:56,105 - utils.logging_config - INFO - Logging initialized - Level: INFO, File: data_fetcher.log
2025-06-03 10:36:56,105 - services.data_service - INFO - DataService initialized:
2025-06-03 10:36:56,106 - services.data_service - INFO -   - Data source: yfinance
2025-06-03 10:36:56,106 - services.data_service - INFO -   - Symbol set: development (5 symbols)
2025-06-03 10:36:56,106 - services.data_service - INFO -   - Storage: file
2025-06-03 10:36:56,106 - __main__ - INFO - Service initialized successfully
2025-06-03 10:36:56,107 - schedulers.data_scheduler - INFO - DataScheduler initialized with 5 symbols from development set
2025-06-03 10:36:56,465 - apscheduler.scheduler - INFO - Adding job tentatively -- it will be properly scheduled when the scheduler starts
2025-06-03 10:36:56,465 - schedulers.data_scheduler - INFO - Scheduled job for 15m: Every 15 minutes during market hours
2025-06-03 10:36:56,465 - apscheduler.scheduler - INFO - Adding job tentatively -- it will be properly scheduled when the scheduler starts
2025-06-03 10:36:56,465 - schedulers.data_scheduler - INFO - Scheduled job for 1h: Every hour during market hours
2025-06-03 10:36:56,466 - apscheduler.scheduler - INFO - Adding job tentatively -- it will be properly scheduled when the scheduler starts
2025-06-03 10:36:56,466 - schedulers.data_scheduler - INFO - Scheduled job for 1d: Daily at 4 PM IST after market close
2025-06-03 10:36:56,466 - apscheduler.scheduler - INFO - Adding job tentatively -- it will be properly scheduled when the scheduler starts
2025-06-03 10:36:56,467 - schedulers.data_scheduler - INFO - Scheduled job for 1wk: Weekly on Saturday at 8 AM
2025-06-03 10:36:56,467 - apscheduler.scheduler - INFO - Adding job tentatively -- it will be properly scheduled when the scheduler starts
2025-06-03 10:36:56,467 - apscheduler.scheduler - INFO - Added job "Update 15m data" to job store "default"
2025-06-03 10:36:56,468 - apscheduler.scheduler - INFO - Added job "Update 1h data" to job store "default"
2025-06-03 10:36:56,468 - apscheduler.scheduler - INFO - Added job "Update 1d data" to job store "default"
2025-06-03 10:36:56,468 - apscheduler.scheduler - INFO - Added job "Update 1wk data" to job store "default"
2025-06-03 10:36:56,469 - apscheduler.scheduler - INFO - Added job "Cleanup old files" to job store "default"
2025-06-03 10:36:56,469 - apscheduler.scheduler - INFO - Scheduler started
2025-06-03 10:36:56,470 - schedulers.data_scheduler - INFO - Data scheduler started successfully
2025-06-03 10:36:56,470 - schedulers.data_scheduler - INFO - Running initial data check...
2025-06-03 10:36:56,470 - storage.file_storage - WARNING - File not found: /home/dnfy/Desktop/Screener/data/market_data_15m.csv
2025-06-03 10:36:56,471 - schedulers.data_scheduler - INFO - No existing data for 15m, running initial update
2025-06-03 10:36:56,472 - utils.logging_config - INFO - Starting Scheduled update for 15m
2025-06-03 10:36:56,472 - utils.logging_config - INFO - Starting Fetching 15m data for 5 symbols
2025-06-03 10:36:56,473 - data_sources.yfinance_source - INFO - Fetching data for 5 symbols
2025-06-03 10:36:56,473 - data_sources.yfinance_source - INFO - Fetching RELIANCE.NS (1/5)
2025-06-03 10:37:00,014 - data_sources.yfinance_source - INFO - Fetched 106 records for RELIANCE.NS
2025-06-03 10:37:01,472 - storage.file_storage - WARNING - File not found: /home/dnfy/Desktop/Screener/data/market_data_1h.csv
2025-06-03 10:37:01,473 - schedulers.data_scheduler - INFO - No existing data for 1h, running initial update
2025-06-03 10:37:01,473 - utils.logging_config - INFO - Starting Scheduled update for 1h
2025-06-03 10:37:01,474 - utils.logging_config - INFO - Starting Fetching 1h data for 5 symbols
2025-06-03 10:37:01,474 - data_sources.yfinance_source - INFO - Fetching data for 5 symbols
2025-06-03 10:37:01,474 - data_sources.yfinance_source - INFO - Fetching RELIANCE.NS (1/5)
2025-06-03 10:37:01,925 - data_sources.yfinance_source - INFO - Fetched 30 records for RELIANCE.NS
2025-06-03 10:37:02,014 - data_sources.yfinance_source - INFO - Fetching TCS.NS (2/5)
2025-06-03 10:37:02,327 - data_sources.yfinance_source - INFO - Fetched 106 records for TCS.NS
2025-06-03 10:37:03,926 - data_sources.yfinance_source - INFO - Fetching TCS.NS (2/5)
2025-06-03 10:37:04,166 - data_sources.yfinance_source - INFO - Fetched 30 records for TCS.NS
2025-06-03 10:37:04,328 - data_sources.yfinance_source - INFO - Fetching HDFCBANK.NS (3/5)
2025-06-03 10:37:04,494 - data_sources.yfinance_source - INFO - Fetched 106 records for HDFCBANK.NS
2025-06-03 10:37:06,167 - data_sources.yfinance_source - INFO - Fetching HDFCBANK.NS (3/5)
2025-06-03 10:37:06,298 - data_sources.yfinance_source - INFO - Fetched 30 records for HDFCBANK.NS
2025-06-03 10:37:06,486 - storage.file_storage - INFO - Loaded 249 records from /home/dnfy/Desktop/Screener/data/market_data_1d.csv
2025-06-03 10:37:06,486 - storage.file_storage - WARNING - File not found: /home/dnfy/Desktop/Screener/data/market_data_1wk.csv
2025-06-03 10:37:06,487 - schedulers.data_scheduler - INFO - No existing data for 1wk, running initial update
2025-06-03 10:37:06,487 - utils.logging_config - INFO - Starting Scheduled update for 1wk
2025-06-03 10:37:06,488 - schedulers.timeframe_handlers - INFO - Not Saturday, skipping weekly update
2025-06-03 10:37:06,488 - schedulers.timeframe_handlers - INFO - No symbols need updating for 1wk
2025-06-03 10:37:06,488 - schedulers.timeframe_handlers - INFO - update_data completed in 0.00 seconds
2025-06-03 10:37:06,488 - schedulers.data_scheduler - INFO - Successfully completed scheduled update for 1wk
2025-06-03 10:37:06,489 - utils.logging_config - INFO - Completed Scheduled update for 1wk in 0.00 seconds
2025-06-03 10:37:06,495 - data_sources.yfinance_source - INFO - Fetching INFY.NS (4/5)
2025-06-03 10:37:06,635 - data_sources.yfinance_source - INFO - Fetched 106 records for INFY.NS
2025-06-03 10:37:08,298 - data_sources.yfinance_source - INFO - Fetching INFY.NS (4/5)
2025-06-03 10:37:08,520 - data_sources.yfinance_source - INFO - Fetched 30 records for INFY.NS
2025-06-03 10:37:08,636 - data_sources.yfinance_source - INFO - Fetching ICICIBANK.NS (5/5)
2025-06-03 10:37:08,854 - data_sources.yfinance_source - INFO - Fetched 106 records for ICICIBANK.NS
2025-06-03 10:37:08,856 - data_sources.yfinance_source - INFO - Combined data: 530 total records
2025-06-03 10:37:08,877 - storage.file_storage - INFO - Saved 530 records to /home/dnfy/Desktop/Screener/data/market_data_15m.csv
2025-06-03 10:37:08,893 - schedulers.timeframe_handlers - INFO - Successfully updated 15m data: 530 records
2025-06-03 10:37:08,894 - utils.logging_config - INFO - Completed Fetching 15m data for 5 symbols in 12.42 seconds
2025-06-03 10:37:08,894 - schedulers.timeframe_handlers - INFO - update_data completed in 12.42 seconds
2025-06-03 10:37:08,894 - schedulers.data_scheduler - INFO - Successfully completed scheduled update for 15m
2025-06-03 10:37:08,894 - utils.logging_config - INFO - Completed Scheduled update for 15m in 12.42 seconds
2025-06-03 10:37:10,521 - data_sources.yfinance_source - INFO - Fetching ICICIBANK.NS (5/5)
2025-06-03 10:37:10,631 - data_sources.yfinance_source - INFO - Fetched 30 records for ICICIBANK.NS
2025-06-03 10:37:10,633 - data_sources.yfinance_source - INFO - Combined data: 150 total records
2025-06-03 10:37:10,642 - storage.file_storage - INFO - Saved 150 records to /home/dnfy/Desktop/Screener/data/market_data_1h.csv
2025-06-03 10:37:10,647 - schedulers.timeframe_handlers - INFO - Successfully updated 1h data: 150 records
2025-06-03 10:37:10,647 - utils.logging_config - INFO - Completed Fetching 1h data for 5 symbols in 9.17 seconds
2025-06-03 10:37:10,648 - schedulers.timeframe_handlers - INFO - update_data completed in 9.17 seconds
2025-06-03 10:37:10,648 - schedulers.data_scheduler - INFO - Successfully completed scheduled update for 1h
2025-06-03 10:37:10,648 - utils.logging_config - INFO - Completed Scheduled update for 1h in 9.17 seconds
2025-06-03 10:37:11,488 - apscheduler.scheduler - INFO - Scheduler has been shut down
2025-06-03 10:37:11,488 - schedulers.data_scheduler - INFO - Data scheduler stopped
2025-06-03 10:37:11,489 - services.data_service - INFO - Scheduler stopped
2025-06-03 10:37:11,490 - services.data_service - INFO - DataService cleanup completed
2025-06-03 10:37:17,286 - utils.logging_config - INFO - Logging initialized - Level: INFO, File: data_fetcher.log
2025-06-03 10:37:17,286 - utils.logging_config - INFO - Logging initialized - Level: INFO, File: data_fetcher.log
2025-06-03 10:37:17,286 - services.data_service - INFO - DataService initialized:
2025-06-03 10:37:17,287 - services.data_service - INFO -   - Data source: yfinance
2025-06-03 10:37:17,287 - services.data_service - INFO -   - Symbol set: development (5 symbols)
2025-06-03 10:37:17,287 - services.data_service - INFO -   - Storage: file
2025-06-03 10:37:17,287 - __main__ - INFO - Service initialized successfully
2025-06-03 10:37:17,305 - storage.file_storage - INFO - Loaded 530 records from /home/dnfy/Desktop/Screener/data/market_data_15m.csv
2025-06-03 10:37:17,306 - services.data_service - INFO - Loaded 530 records for 15m
2025-06-03 10:37:17,321 - storage.file_storage - INFO - Loaded 530 records from /home/dnfy/Desktop/Screener/data/market_data_15m.csv
2025-06-03 10:37:17,328 - storage.file_storage - INFO - Loaded 150 records from /home/dnfy/Desktop/Screener/data/market_data_1h.csv
2025-06-03 10:37:17,328 - services.data_service - INFO - Loaded 150 records for 1h
2025-06-03 10:37:17,336 - storage.file_storage - INFO - Loaded 150 records from /home/dnfy/Desktop/Screener/data/market_data_1h.csv
2025-06-03 10:37:17,345 - storage.file_storage - INFO - Loaded 249 records from /home/dnfy/Desktop/Screener/data/market_data_1d.csv
2025-06-03 10:37:17,345 - services.data_service - INFO - Loaded 249 records for 1d
2025-06-03 10:37:17,353 - storage.file_storage - INFO - Loaded 249 records from /home/dnfy/Desktop/Screener/data/market_data_1d.csv
2025-06-03 10:37:17,354 - storage.file_storage - WARNING - File not found: /home/dnfy/Desktop/Screener/data/market_data_1wk.csv
2025-06-03 10:37:17,356 - services.data_service - INFO - DataService cleanup completed
